<?xml version='1.0' encoding='UTF-8'?>
<testsuite hostname="DESKTOP-JILUF1T" name="tutorial.webapp.TutorialTest" tests="2" errors="0" failures="0" skipped="0" time="0.011" timestamp="2020-10-03T01:21:06">
                     <properties>
[...]
</properties>
                     <testcase classname="tutorial.webapp.TutorialTest" name="HelloWorld" time="0.006">
                                                 
                                               </testcase><testcase classname="tutorial.webapp.TutorialTest" name="ButtonClick" time="0.005">
                                                 
                                               </testcase>
                     <system-out><![CDATA[]]></system-out>
                     <system-err><![CDATA[]]></system-err>
                   </testsuite>